<?xml version="1.0" encoding="UTF-8"?>
<!-- Generated by org.testng.reporters.JUnitReportReporter -->
<testsuite hostname="LAPTOP-LAIP4DBU" failures="0" tests="1" name="parallelTestingDemo.PersonnelInfo" time="67.143" errors="0" timestamp="2022-11-17T17:54:05 IST" skipped="0">
  <testcase classname="parallelTestingDemo.PersonnelInfo" name="PIM" time="67.143"/>
  <system-out/>
</testsuite> <!-- parallelTestingDemo.PersonnelInfo -->
