<?xml version="1.0" encoding="UTF-8"?>
<!-- Generated by org.testng.reporters.JUnitReportReporter -->
<testsuite hostname="LAPTOP-LAIP4DBU" failures="0" tests="1" name="parallelTestingDemo.Admin" time="79.589" errors="0" timestamp="2022-11-17T17:54:05 IST" skipped="0">
  <testcase classname="parallelTestingDemo.Admin" name="admin" time="79.589"/>
  <system-out/>
</testsuite> <!-- parallelTestingDemo.Admin -->
