<?xml version="1.0" encoding="UTF-8"?>
<!-- Generated by org.testng.reporters.JUnitReportReporter -->
<testsuite hostname="LAPTOP-LAIP4DBU" failures="0" tests="9" name="crossBrowserTesting.CrossBrowserTesting1" time="442.927" errors="0" timestamp="2022-11-18T13:40:05 IST" skipped="0">
  <testcase classname="crossBrowserTesting.CrossBrowserTesting1" name="PIM" time="47.279"/>
  <system-out/>
  <testcase classname="crossBrowserTesting.CrossBrowserTesting1" name="admin" time="61.464"/>
  <system-out/>
  <testcase classname="crossBrowserTesting.CrossBrowserTesting1" name="Dashboard" time="41.766"/>
  <system-out/>
  <testcase classname="crossBrowserTesting.CrossBrowserTesting1" name="PIM" time="48.785"/>
  <system-out/>
  <testcase classname="crossBrowserTesting.CrossBrowserTesting1" name="Dashboard" time="35.565"/>
  <system-out/>
  <testcase classname="crossBrowserTesting.CrossBrowserTesting1" name="admin" time="59.913"/>
  <system-out/>
  <testcase classname="crossBrowserTesting.CrossBrowserTesting1" name="PIM" time="49.990"/>
  <system-out/>
  <testcase classname="crossBrowserTesting.CrossBrowserTesting1" name="admin" time="67.175"/>
  <system-out/>
  <testcase classname="crossBrowserTesting.CrossBrowserTesting1" name="Dashboard" time="30.990"/>
  <system-out/>
</testsuite> <!-- crossBrowserTesting.CrossBrowserTesting1 -->
