<?xml version="1.0" encoding="UTF-8"?>
<!-- Generated by org.testng.reporters.JUnitReportReporter -->
<testsuite hostname="LAPTOP-LAIP4DBU" failures="0" tests="1" name="annotations.AnnotationsTest" time="0.006" errors="0" timestamp="2022-11-11T17:46:30 IST" skipped="0">
  <testcase classname="annotations.AnnotationsTest" name="f" time="0.006"/>
  <system-out/>
</testsuite> <!-- annotations.AnnotationsTest -->
