<?xml version="1.0" encoding="UTF-8"?>
<!-- Generated by org.testng.reporters.JUnitReportReporter -->
<testsuite hostname="LAPTOP-LAIP4DBU" failures="0" tests="3" name="annotations.Annotation1" time="0.012" errors="0" timestamp="2022-11-11T12:59:37 IST" skipped="0">
  <testcase classname="annotations.Annotation1" name="demo" time="0.003"/>
  <system-out/>
  <testcase classname="annotations.Annotation1" name="demo2" time="0.002"/>
  <system-out/>
  <testcase classname="annotations.Annotation1" name="GoogletitleTest" time="0.007"/>
  <system-out/>
</testsuite> <!-- annotations.Annotation1 -->
