<?xml version="1.0" encoding="UTF-8"?>
<!-- Generated by org.testng.reporters.JUnitReportReporter -->
<testsuite hostname="LAPTOP-LAIP4DBU" failures="0" tests="6" name="keywod.Priority" time="93.465" errors="0" timestamp="2022-11-22T23:05:02 IST" skipped="0">
  <testcase classname="keywod.Priority" name="A" time="17.288"/>
  <system-out/>
  <testcase classname="keywod.Priority" name="B" time="15.730"/>
  <system-out/>
  <testcase classname="keywod.Priority" name="Z" time="16.925"/>
  <system-out/>
  <testcase classname="keywod.Priority" name="C" time="14.626"/>
  <system-out/>
  <testcase classname="keywod.Priority" name="H" time="15.503"/>
  <system-out/>
  <testcase classname="keywod.Priority" name="L" time="13.393"/>
  <system-out/>
</testsuite> <!-- keywod.Priority -->
