<?xml version="1.0" encoding="UTF-8"?>
<!-- Generated by org.testng.reporters.JUnitReportReporter -->
<testsuite hostname="LAPTOP-LAIP4DBU" failures="0" tests="2" name="dataprovider.LoginDataprovider" time="62.093" errors="0" timestamp="2022-11-21T17:44:02 IST" skipped="0">
  <testcase classname="dataprovider.LoginDataprovider" name="login" time="32.154"/>
  <system-out/>
  <testcase classname="dataprovider.LoginDataprovider" name="login" time="29.939"/>
  <system-out/>
</testsuite> <!-- dataprovider.LoginDataprovider -->
